15:05:48.136 [main] DEBUG org.apache.poi.openxml4j.opc.ZipPackage - Save part 'xl/worksheets/sheet2.xml'
15:05:48.152 [main] INFO  factory.BaseClass - <-------------------Test Scenario 001---------------->
15:05:48.168 [main] DEBUG org.apache.poi.openxml4j.opc.PackageRelationshipCollection - Parsing relationship: /xl/_rels/workbook.xml.rels
15:05:48.170 [main] DEBUG org.apache.poi.openxml4j.opc.PackageRelationshipCollection - Parsing relationship: /xl/worksheets/_rels/sheet1.xml.rels
15:05:48.172 [main] DEBUG org.apache.poi.openxml4j.opc.PackageRelationshipCollection - Parsing relationship: /xl/worksheets/_rels/sheet2.xml.rels
15:05:48.175 [main] DEBUG org.apache.poi.openxml4j.opc.PackageRelationshipCollection - Parsing relationship: /_rels/.rels
15:05:48.194 [main] DEBUG org.apache.poi.ooxml.POIXMLFactory - using default POIXMLDocumentPart for http://schemas.openxmlformats.org/officeDocument/2006/relationships/printerSettings
15:05:48.198 [main] DEBUG org.apache.poi.ooxml.POIXMLFactory - using default POIXMLDocumentPart for http://schemas.openxmlformats.org/officeDocument/2006/relationships/printerSettings
15:05:48.241 [main] INFO  factory.BaseClass - <-------------------finding Doctor---------------->
15:05:51.618 [main] DEBUG org.apache.poi.openxml4j.opc.PackageRelationshipCollection - Parsing relationship: /xl/_rels/workbook.xml.rels
15:05:51.620 [main] DEBUG org.apache.poi.openxml4j.opc.PackageRelationshipCollection - Parsing relationship: /xl/worksheets/_rels/sheet2.xml.rels
15:05:51.622 [main] DEBUG org.apache.poi.openxml4j.opc.PackageRelationshipCollection - Parsing relationship: /_rels/.rels
15:05:51.644 [main] DEBUG org.apache.poi.ooxml.POIXMLFactory - using default POIXMLDocumentPart for http://schemas.openxmlformats.org/officeDocument/2006/relationships/printerSettings
15:05:51.694 [main] DEBUG org.apache.poi.openxml4j.opc.ZipPackage - Save content types part
15:05:51.698 [main] DEBUG org.apache.poi.openxml4j.opc.ZipPackage - Save package relationships
15:05:51.701 [main] DEBUG org.apache.poi.openxml4j.opc.ZipPackage - Save part 'docProps/app.xml'
15:05:51.705 [main] DEBUG org.apache.poi.openxml4j.opc.ZipPackage - Save part 'docProps/core.xml'
15:05:51.711 [main] DEBUG org.apache.poi.openxml4j.opc.ZipPackage - Save part 'xl/printerSettings/printerSettings1.bin'
15:05:51.713 [main] DEBUG org.apache.poi.openxml4j.opc.ZipPackage - Save part 'xl/sharedStrings.xml'
15:05:51.714 [main] DEBUG org.apache.poi.openxml4j.opc.ZipPackage - Save part 'xl/styles.xml'
15:05:51.717 [main] DEBUG org.apache.poi.openxml4j.opc.ZipPackage - Save part 'xl/theme/theme1.xml'
15:05:51.717 [main] DEBUG org.apache.poi.openxml4j.opc.ZipPackage - Save part 'xl/workbook.xml'
15:05:51.720 [main] DEBUG org.apache.poi.openxml4j.opc.ZipPackage - Save part 'xl/worksheets/sheet1.xml'
15:05:51.721 [main] DEBUG org.apache.poi.openxml4j.opc.ZipPackage - Save part 'xl/worksheets/sheet2.xml'
15:05:51.729 [main] INFO  factory.BaseClass - <-------------------Test Scenario 001---------------->
15:05:51.741 [main] DEBUG org.apache.poi.openxml4j.opc.PackageRelationshipCollection - Parsing relationship: /xl/_rels/workbook.xml.rels
15:05:51.743 [main] DEBUG org.apache.poi.openxml4j.opc.PackageRelationshipCollection - Parsing relationship: /xl/worksheets/_rels/sheet1.xml.rels
15:05:51.744 [main] DEBUG org.apache.poi.openxml4j.opc.PackageRelationshipCollection - Parsing relationship: /xl/worksheets/_rels/sheet2.xml.rels
15:05:51.746 [main] DEBUG org.apache.poi.openxml4j.opc.PackageRelationshipCollection - Parsing relationship: /_rels/.rels
15:05:51.763 [main] DEBUG org.apache.poi.ooxml.POIXMLFactory - using default POIXMLDocumentPart for http://schemas.openxmlformats.org/officeDocument/2006/relationships/printerSettings
15:05:51.767 [main] DEBUG org.apache.poi.ooxml.POIXMLFactory - using default POIXMLDocumentPart for http://schemas.openxmlformats.org/officeDocument/2006/relationships/printerSettings
15:05:51.793 [main] INFO  factory.BaseClass - <-------------------finding Doctor---------------->
15:05:54.845 [main] DEBUG org.apache.poi.openxml4j.opc.PackageRelationshipCollection - Parsing relationship: /xl/_rels/workbook.xml.rels
15:05:54.847 [main] DEBUG org.apache.poi.openxml4j.opc.PackageRelationshipCollection - Parsing relationship: /xl/worksheets/_rels/sheet2.xml.rels
15:05:54.848 [main] DEBUG org.apache.poi.openxml4j.opc.PackageRelationshipCollection - Parsing relationship: /_rels/.rels
15:05:54.864 [main] DEBUG org.apache.poi.ooxml.POIXMLFactory - using default POIXMLDocumentPart for http://schemas.openxmlformats.org/officeDocument/2006/relationships/printerSettings
15:05:54.920 [main] DEBUG org.apache.poi.openxml4j.opc.ZipPackage - Save content types part
15:05:54.925 [main] DEBUG org.apache.poi.openxml4j.opc.ZipPackage - Save package relationships
15:05:54.929 [main] DEBUG org.apache.poi.openxml4j.opc.ZipPackage - Save part 'docProps/app.xml'
15:05:54.929 [main] DEBUG org.apache.poi.openxml4j.opc.ZipPackage - Save part 'docProps/core.xml'
