18:16:19.755 [main] DEBUG org.apache.poi.ooxml.POIXMLFactory - using default POIXMLDocumentPart for http://schemas.openxmlformats.org/officeDocument/2006/relationships/printerSettings
18:16:19.809 [main] DEBUG org.apache.poi.openxml4j.opc.ZipPackage - Save content types part
18:16:19.829 [main] DEBUG org.apache.poi.openxml4j.opc.ZipPackage - Save package relationships
18:16:19.833 [main] DEBUG org.apache.poi.openxml4j.opc.ZipPackage - Save part 'docProps/app.xml'
18:16:19.834 [main] DEBUG org.apache.poi.openxml4j.opc.ZipPackage - Save part 'docProps/core.xml'
18:16:19.837 [main] DEBUG org.apache.poi.openxml4j.opc.ZipPackage - Save part 'xl/printerSettings/printerSettings1.bin'
18:16:19.852 [main] DEBUG org.apache.poi.openxml4j.opc.ZipPackage - Save part 'xl/sharedStrings.xml'
18:16:19.852 [main] DEBUG org.apache.poi.openxml4j.opc.ZipPackage - Save part 'xl/styles.xml'
18:16:19.853 [main] DEBUG org.apache.poi.openxml4j.opc.ZipPackage - Save part 'xl/theme/theme1.xml'
18:16:19.854 [main] DEBUG org.apache.poi.openxml4j.opc.ZipPackage - Save part 'xl/workbook.xml'
18:16:19.856 [main] DEBUG org.apache.poi.openxml4j.opc.ZipPackage - Save part 'xl/worksheets/sheet1.xml'
18:16:19.857 [main] DEBUG org.apache.poi.openxml4j.opc.ZipPackage - Save part 'xl/worksheets/sheet2.xml'
18:16:19.861 [main] INFO  factory.BaseClass - <-------------------Test Scenario 3 : Data Setup---------------->
18:16:19.868 [main] DEBUG org.apache.poi.openxml4j.opc.PackageRelationshipCollection - Parsing relationship: /xl/_rels/workbook.xml.rels
18:16:19.870 [main] DEBUG org.apache.poi.openxml4j.opc.PackageRelationshipCollection - Parsing relationship: /xl/worksheets/_rels/sheet1.xml.rels
18:16:19.871 [main] DEBUG org.apache.poi.openxml4j.opc.PackageRelationshipCollection - Parsing relationship: /xl/worksheets/_rels/sheet2.xml.rels
18:16:19.872 [main] DEBUG org.apache.poi.openxml4j.opc.PackageRelationshipCollection - Parsing relationship: /_rels/.rels
18:16:19.903 [main] DEBUG org.apache.poi.ooxml.POIXMLFactory - using default POIXMLDocumentPart for http://schemas.openxmlformats.org/officeDocument/2006/relationships/printerSettings
18:16:19.906 [main] DEBUG org.apache.poi.ooxml.POIXMLFactory - using default POIXMLDocumentPart for http://schemas.openxmlformats.org/officeDocument/2006/relationships/printerSettings
18:16:19.931 [main] INFO  pages.SetFormValue - <--------------------- Setup the Name --------------------->
18:16:20.400 [main] INFO  pages.SetFormValue - <--------------------- Setup the Organization Name --------------------->
18:16:20.636 [main] INFO  pages.SetFormValue - <--------------------- Setup the Phone Number --------------------->
18:16:20.834 [main] INFO  pages.SetFormValue - <--------------------- Setup the Email ID --------------------->
18:16:21.085 [main] INFO  pages.SetFormValue - <--------------------- Setup the Organization Size --------------------->
18:16:21.455 [main] INFO  pages.SetFormValue - <--------------------- Setup the Interest --------------------->
18:16:21.806 [main] INFO  pages.SetFormValue - <--------------------- Setup the Click Button --------------------->
18:16:21.980 [main] INFO  pages.SetFormValue - <--------------------- Setup the Get Status --------------------->
18:16:24.056 [main] DEBUG org.apache.poi.openxml4j.opc.PackageRelationshipCollection - Parsing relationship: /xl/_rels/workbook.xml.rels
18:16:24.057 [main] DEBUG org.apache.poi.openxml4j.opc.PackageRelationshipCollection - Parsing relationship: /xl/worksheets/_rels/sheet2.xml.rels
18:16:24.058 [main] DEBUG org.apache.poi.openxml4j.opc.PackageRelationshipCollection - Parsing relationship: /_rels/.rels
18:16:24.073 [main] DEBUG org.apache.poi.ooxml.POIXMLFactory - using default POIXMLDocumentPart for http://schemas.openxmlformats.org/officeDocument/2006/relationships/printerSettings
18:16:24.108 [main] DEBUG org.apache.poi.openxml4j.opc.ZipPackage - Save content types part
18:16:24.111 [main] DEBUG org.apache.poi.openxml4j.opc.ZipPackage - Save package relationships
18:16:24.117 [main] DEBUG org.apache.poi.openxml4j.opc.ZipPackage - Save part 'docProps/app.xml'
18:16:24.118 [main] DEBUG org.apache.poi.openxml4j.opc.ZipPackage - Save part 'docProps/core.xml'
18:16:24.121 [main] DEBUG org.apache.poi.openxml4j.opc.ZipPackage - Save part 'xl/printerSettings/printerSettings1.bin'
18:16:24.122 [main] DEBUG org.apache.poi.openxml4j.opc.ZipPackage - Save part 'xl/sharedStrings.xml'
18:16:24.122 [main] DEBUG org.apache.poi.openxml4j.opc.ZipPackage - Save part 'xl/styles.xml'
18:16:24.123 [main] DEBUG org.apache.poi.openxml4j.opc.ZipPackage - Save part 'xl/theme/theme1.xml'
18:16:24.124 [main] DEBUG org.apache.poi.openxml4j.opc.ZipPackage - Save part 'xl/workbook.xml'
18:16:24.133 [main] DEBUG org.apache.poi.openxml4j.opc.ZipPackage - Save part 'xl/worksheets/sheet1.xml'
18:16:24.137 [main] DEBUG org.apache.poi.openxml4j.opc.ZipPackage - Save part 'xl/worksheets/sheet2.xml'
18:16:24.142 [main] INFO  factory.BaseClass - <-------------------Test Scenario 3 : Data Setup---------------->
